<?xml version="1.0" encoding="UTF-8"?>
<!-- Generated by org.testng.reporters.JUnitXMLReporter -->
<testsuite ignored="0" hostname="Macs-MacBook-Pro.local" failures="0" tests="10" name="Default test" time="0.1" errors="0" timestamp="2024-03-03T17:25:52 IST">
  <testcase classname="TestNGDemo.InvocationCountDemo" name="test" time="0.008"/>
  <testcase classname="TestNGDemo.InvocationCountDemo" name="test" time="0.001"/>
  <testcase classname="TestNGDemo.InvocationCountDemo" name="test" time="0.003"/>
  <testcase classname="TestNGDemo.InvocationCountDemo" name="test" time="0.002"/>
  <testcase classname="TestNGDemo.InvocationCountDemo" name="test" time="0.003"/>
  <testcase classname="TestNGDemo.InvocationCountDemo" name="test" time="0.001"/>
  <testcase classname="TestNGDemo.InvocationCountDemo" name="test" time="0.005"/>
  <testcase classname="TestNGDemo.InvocationCountDemo" name="test" time="0.005"/>
  <testcase classname="TestNGDemo.InvocationCountDemo" name="test" time="0.002"/>
  <testcase classname="TestNGDemo.InvocationCountDemo" name="test" time="0.001"/>
</testsuite> <!-- Default test -->
